# JRE version: OpenJDK Runtime Environment Temurin-21.0.12.1+1 (21.0.12.1+1) (build 21.0.12.1+1-LTS)
# Java VM: OpenJDK 64-Bit Server VM Temurin-21.0.12.1+1 (21.0.12.1+1-LTS, mixed mode, sharing, tiered, compressed oops, compressed class ptrs, parallel gc, windows-amd64)
GC Precious Log:
 CardTable entry size: 512
 CPUs: 8 total, 8 available
 Memory: 7975M
 Large Page Support: Disabled
 NUMA Support: Disabled
 Compressed Oops: Enabled (32-bit)
 Alignments: Space 512K, Generation 512K, Heap 2M
 Heap Min Capacity: 100M
 Heap Initial Capacity: 100M
 Heap Max Capacity: 2G
 Pre-touch: Disabled
 Parallel Workers: 8
Heap:
 PSYoungGen      total 4096K, used 3218K [0x00000000d5580000, 0x00000000d5b00000, 0x0000000100000000)
  eden space 3584K, 75% used [0x00000000d5580000,0x00000000d5824bf8,0x00000000d5900000)
  from space 512K, 100% used [0x00000000d5900000,0x00000000d5980000,0x00000000d5980000)
  to   space 1024K, 0% used [0x00000000d5a00000,0x00000000d5a00000,0x00000000d5b00000)
 ParOldGen       total 1398272K, used 62722K [0x0000000080000000, 0x00000000d5580000, 0x00000000d5580000)
  object space 1398272K, 4% used [0x0000000080000000,0x0000000083d40860,0x00000000d5580000)
 Metaspace       used 76322K, committed 78208K, reserved 1179648K
  class space    used 7690K, committed 8448K, reserved 1048576K
GC Heap History (20 events):
Event: 4385.148 GC heap before
{Heap before GC invocations=652 (full 4):
 PSYoungGen      total 2048K, used 1344K [0x00000000d5580000, 0x00000000d5800000, 0x0000000100000000)
  eden space 1024K, 100% used [0x00000000d5580000,0x00000000d5680000,0x00000000d5680000)
  from space 1024K, 31% used [0x00000000d5680000,0x00000000d56d0000,0x00000000d5780000)
  to   space 512K, 0% used [0x00000000d5780000,0x00000000d5780000,0x00000000d5800000)
 ParOldGen       total 177664K, used 168228K [0x0000000080000000, 0x000000008ad80000, 0x00000000d5580000)
  object space 177664K, 94% used [0x0000000080000000,0x000000008a4493b8,0x000000008ad80000)
 Metaspace       used 76401K, committed 78016K, reserved 1179648K
  class space    used 7763K, committed 8448K, reserved 1048576K
}
Event: 4385.153 GC heap after
{Heap after GC invocations=652 (full 4):
 PSYoungGen      total 1536K, used 416K [0x00000000d5580000, 0x00000000d5800000, 0x0000000100000000)
  eden space 1024K, 0% used [0x00000000d5580000,0x00000000d5580000,0x00000000d5680000)
  from space 512K, 81% used [0x00000000d5780000,0x00000000d57e8000,0x00000000d5800000)
  to   space 512K, 0% used [0x00000000d5700000,0x00000000d5700000,0x00000000d5780000)
 ParOldGen       total 177664K, used 168476K [0x0000000080000000, 0x000000008ad80000, 0x00000000d5580000)
  object space 177664K, 94% used [0x0000000080000000,0x000000008a4873b8,0x000000008ad80000)
 Metaspace       used 76401K, committed 78016K, reserved 1179648K
  class space    used 7763K, committed 8448K, reserved 1048576K
}
Event: 4385.838 GC heap before
{Heap before GC invocations=653 (full 4):
 PSYoungGen      total 1536K, used 851K [0x00000000d5580000, 0x00000000d5800000, 0x0000000100000000)
  eden space 1024K, 42% used [0x00000000d5580000,0x00000000d55ecca0,0x00000000d5680000)
  from space 512K, 81% used [0x00000000d5780000,0x00000000d57e8000,0x00000000d5800000)
  to   space 512K, 0% used [0x00000000d5700000,0x00000000d5700000,0x00000000d5780000)
 ParOldGen       total 1398272K, used 168476K [0x0000000080000000, 0x00000000d5580000, 0x00000000d5580000)
  object space 1398272K, 12% used [0x0000000080000000,0x000000008a4873b8,0x00000000d5580000)
 Metaspace       used 76401K, committed 78016K, reserved 1179648K
  class space    used 7763K, committed 8448K, reserved 1048576K
}
Event: 4385.842 GC heap after
{Heap after GC invocations=653 (full 4):
 PSYoungGen      total 1536K, used 288K [0x00000000d5580000, 0x00000000d5800000, 0x0000000100000000)
  eden space 1024K, 0% used [0x00000000d5580000,0x00000000d5580000,0x00000000d5680000)
  from space 512K, 56% used [0x00000000d5700000,0x00000000d5748000,0x00000000d5780000)
  to   space 512K, 0% used [0x00000000d5780000,0x00000000d5780000,0x00000000d5800000)
 ParOldGen       total 1398272K, used 168687K [0x0000000080000000, 0x00000000d5580000, 0x00000000d5580000)
  object space 1398272K, 12% used [0x0000000080000000,0x000000008a4bbf48,0x00000000d5580000)
 Metaspace       used 76401K, committed 78016K, reserved 1179648K
  class space    used 7763K, committed 8448K, reserved 1048576K
}
Event: 4385.843 GC heap before
{Heap before GC invocations=654 (full 4):
 PSYoungGen      total 1536K, used 288K [0x00000000d5580000, 0x00000000d5800000, 0x0000000100000000)
  eden space 1024K, 0% used [0x00000000d5580000,0x00000000d5580000,0x00000000d5680000)
  from space 512K, 56% used [0x00000000d5700000,0x00000000d5748000,0x00000000d5780000)
  to   space 512K, 0% used [0x00000000d5780000,0x00000000d5780000,0x00000000d5800000)
 ParOldGen       total 1398272K, used 168687K [0x0000000080000000, 0x00000000d5580000, 0x00000000d5580000)
  object space 1398272K, 12% used [0x0000000080000000,0x000000008a4bbf48,0x00000000d5580000)
 Metaspace       used 76401K, committed 78016K, reserved 1179648K
  class space    used 7763K, committed 8448K, reserved 1048576K
}
Event: 4385.848 GC heap after
{Heap after GC invocations=654 (full 4):
 PSYoungGen      total 2048K, used 0K [0x00000000d5580000, 0x00000000d5800000, 0x0000000100000000)
  eden space 1536K, 0% used [0x00000000d5580000,0x00000000d5580000,0x00000000d5700000)
  from space 512K, 0% used [0x00000000d5780000,0x00000000d5780000,0x00000000d5800000)
  to   space 512K, 0% used [0x00000000d5700000,0x00000000d5700000,0x00000000d5780000)
 ParOldGen       total 1398272K, used 168823K [0x0000000080000000, 0x00000000d5580000, 0x00000000d5580000)
  object space 1398272K, 12% used [0x0000000080000000,0x000000008a4ddf58,0x00000000d5580000)
 Metaspace       used 76401K, committed 78016K, reserved 1179648K
  class space    used 7763K, committed 8448K, reserved 1048576K
}
Event: 4385.848 GC heap before
{Heap before GC invocations=655 (full 5):
 PSYoungGen      total 2048K, used 0K [0x00000000d5580000, 0x00000000d5800000, 0x0000000100000000)
  eden space 1536K, 0% used [0x00000000d5580000,0x00000000d5580000,0x00000000d5700000)
  from space 512K, 0% used [0x00000000d5780000,0x00000000d5780000,0x00000000d5800000)
  to   space 512K, 0% used [0x00000000d5700000,0x00000000d5700000,0x00000000d5780000)
 ParOldGen       total 1398272K, used 168823K [0x0000000080000000, 0x00000000d5580000, 0x00000000d5580000)
  object space 1398272K, 12% used [0x0000000080000000,0x000000008a4ddf58,0x00000000d5580000)
 Metaspace       used 76401K, committed 78016K, reserved 1179648K
  class space    used 7763K, committed 8448K, reserved 1048576K
}
Event: 4389.623 GC heap after
{Heap after GC invocations=655 (full 5):
 PSYoungGen      total 2048K, used 0K [0x00000000d5580000, 0x00000000d5880000, 0x0000000100000000)
  eden space 1536K, 0% used [0x00000000d5580000,0x00000000d5580000,0x00000000d5700000)
  from space 512K, 0% used [0x00000000d5700000,0x00000000d5700000,0x00000000d5780000)
  to   space 512K, 0% used [0x00000000d5800000,0x00000000d5800000,0x00000000d5880000)
 ParOldGen       total 94720K, used 68195K [0x0000000080000000, 0x0000000085c80000, 0x00000000d5580000)
  object space 94720K, 71% used [0x0000000080000000,0x0000000084298eb8,0x0000000085c80000)
 Metaspace       used 75907K, committed 78016K, reserved 1179648K
  class space    used 7639K, committed 8448K, reserved 1048576K
}
Event: 4389.631 GC heap before
{Heap before GC invocations=656 (full 5):
 PSYoungGen      total 2048K, used 0K [0x00000000d5580000, 0x00000000d5880000, 0x0000000100000000)
  eden space 1536K, 0% used [0x00000000d5580000,0x00000000d5580000,0x00000000d5700000)
  from space 512K, 0% used [0x00000000d5700000,0x00000000d5700000,0x00000000d5780000)
  to   space 512K, 0% used [0x00000000d5800000,0x00000000d5800000,0x00000000d5880000)
 ParOldGen       total 1398272K, used 68195K [0x0000000080000000, 0x00000000d5580000, 0x00000000d5580000)
  object space 1398272K, 4% used [0x0000000080000000,0x0000000084298eb8,0x00000000d5580000)
 Metaspace       used 75907K, committed 78016K, reserved 1179648K
  class space    used 7639K, committed 8448K, reserved 1048576K
}
Event: 4389.632 GC heap after
{Heap after GC invocations=656 (full 5):
 PSYoungGen      total 2560K, used 0K [0x00000000d5580000, 0x00000000d5880000, 0x0000000100000000)
  eden space 2048K, 0% used [0x00000000d5580000,0x00000000d5580000,0x00000000d5780000)
  from space 512K, 0% used [0x00000000d5800000,0x00000000d5800000,0x00000000d5880000)
  to   space 512K, 0% used [0x00000000d5780000,0x00000000d5780000,0x00000000d5800000)
 ParOldGen       total 1398272K, used 68195K [0x0000000080000000, 0x00000000d5580000, 0x00000000d5580000)
  object space 1398272K, 4% used [0x0000000080000000,0x0000000084298eb8,0x00000000d5580000)
 Metaspace       used 75907K, committed 78016K, reserved 1179648K
  class space    used 7639K, committed 8448K, reserved 1048576K
}
Event: 4389.632 GC heap before
{Heap before GC invocations=657 (full 6):
 PSYoungGen      total 2560K, used 0K [0x00000000d5580000, 0x00000000d5880000, 0x0000000100000000)
  eden space 2048K, 0% used [0x00000000d5580000,0x00000000d5580000,0x00000000d5780000)
  from space 512K, 0% used [0x00000000d5800000,0x00000000d5800000,0x00000000d5880000)
  to   space 512K, 0% used [0x00000000d5780000,0x00000000d5780000,0x00000000d5800000)
 ParOldGen       total 1398272K, used 68195K [0x0000000080000000, 0x00000000d5580000, 0x00000000d5580000)
  object space 1398272K, 4% used [0x0000000080000000,0x0000000084298eb8,0x00000000d5580000)
 Metaspace       used 75907K, committed 78016K, reserved 1179648K
  class space    used 7639K, committed 8448K, reserved 1048576K
}
Event: 4389.964 GC heap after
{Heap after GC invocations=657 (full 6):
 PSYoungGen      total 2560K, used 0K [0x00000000d5580000, 0x00000000d5900000, 0x0000000100000000)
  eden space 2048K, 0% used [0x00000000d5580000,0x00000000d5580000,0x00000000d5780000)
  from space 512K, 0% used [0x00000000d5780000,0x00000000d5780000,0x00000000d5800000)
  to   space 512K, 0% used [0x00000000d5880000,0x00000000d5880000,0x00000000d5900000)
 ParOldGen       total 106496K, used 62030K [0x0000000080000000, 0x0000000086800000, 0x00000000d5580000)
  object space 106496K, 58% used [0x0000000080000000,0x0000000083c93840,0x0000000086800000)
 Metaspace       used 75868K, committed 78016K, reserved 1179648K
  class space    used 7629K, committed 8448K, reserved 1048576K
}
Event: 4392.129 GC heap before
{Heap before GC invocations=658 (full 6):
 PSYoungGen      total 2560K, used 2048K [0x00000000d5580000, 0x00000000d5900000, 0x0000000100000000)
  eden space 2048K, 100% used [0x00000000d5580000,0x00000000d5780000,0x00000000d5780000)
  from space 512K, 0% used [0x00000000d5780000,0x00000000d5780000,0x00000000d5800000)
  to   space 512K, 0% used [0x00000000d5880000,0x00000000d5880000,0x00000000d5900000)
 ParOldGen       total 1398272K, used 62030K [0x0000000080000000, 0x00000000d5580000, 0x00000000d5580000)
  object space 1398272K, 4% used [0x0000000080000000,0x0000000083c93840,0x00000000d5580000)
 Metaspace       used 75981K, committed 78016K, reserved 1179648K
  class space    used 7656K, committed 8448K, reserved 1048576K
}
Event: 4392.131 GC heap after
{Heap after GC invocations=658 (full 6):
 PSYoungGen      total 3072K, used 224K [0x00000000d5580000, 0x00000000d5900000, 0x0000000100000000)
  eden space 2560K, 0% used [0x00000000d5580000,0x00000000d5580000,0x00000000d5800000)
  from space 512K, 43% used [0x00000000d5880000,0x00000000d58b8000,0x00000000d5900000)
  to   space 512K, 0% used [0x00000000d5800000,0x00000000d5800000,0x00000000d5880000)
 ParOldGen       total 1398272K, used 62038K [0x0000000080000000, 0x00000000d5580000, 0x00000000d5580000)
  object space 1398272K, 4% used [0x0000000080000000,0x0000000083c95840,0x00000000d5580000)
 Metaspace       used 75981K, committed 78016K, reserved 1179648K
  class space    used 7656K, committed 8448K, reserved 1048576K
}
Event: 4393.585 GC heap before
{Heap before GC invocations=659 (full 6):
 PSYoungGen      total 3072K, used 2784K [0x00000000d5580000, 0x00000000d5900000, 0x0000000100000000)
  eden space 2560K, 100% used [0x00000000d5580000,0x00000000d5800000,0x00000000d5800000)
  from space 512K, 43% used [0x00000000d5880000,0x00000000d58b8000,0x00000000d5900000)
  to   space 512K, 0% used [0x00000000d5800000,0x00000000d5800000,0x00000000d5880000)
 ParOldGen       total 1398272K, used 62038K [0x0000000080000000, 0x00000000d5580000, 0x00000000d5580000)
  object space 1398272K, 4% used [0x0000000080000000,0x0000000083c95840,0x00000000d5580000)
 Metaspace       used 76051K, committed 78080K, reserved 1179648K
  class space    used 7659K, committed 8448K, reserved 1048576K
}
Event: 4393.589 GC heap after
{Heap after GC invocations=659 (full 6):
 PSYoungGen      total 3072K, used 512K [0x00000000d5580000, 0x00000000d5a80000, 0x0000000100000000)
  eden space 2560K, 0% used [0x00000000d5580000,0x00000000d5580000,0x00000000d5800000)
  from space 512K, 100% used [0x00000000d5800000,0x00000000d5880000,0x00000000d5880000)
  to   space 1024K, 0% used [0x00000000d5980000,0x00000000d5980000,0x00000000d5a80000)
 ParOldGen       total 1398272K, used 62118K [0x0000000080000000, 0x00000000d5580000, 0x00000000d5580000)
  object space 1398272K, 4% used [0x0000000080000000,0x0000000083ca9850,0x00000000d5580000)
 Metaspace       used 76051K, committed 78080K, reserved 1179648K
  class space    used 7659K, committed 8448K, reserved 1048576K
}
Event: 4394.102 GC heap before
{Heap before GC invocations=660 (full 6):
 PSYoungGen      total 3072K, used 3071K [0x00000000d5580000, 0x00000000d5a80000, 0x0000000100000000)
  eden space 2560K, 99% used [0x00000000d5580000,0x00000000d57fff88,0x00000000d5800000)
  from space 512K, 100% used [0x00000000d5800000,0x00000000d5880000,0x00000000d5880000)
  to   space 1024K, 0% used [0x00000000d5980000,0x00000000d5980000,0x00000000d5a80000)
 ParOldGen       total 1398272K, used 62118K [0x0000000080000000, 0x00000000d5580000, 0x00000000d5580000)
  object space 1398272K, 4% used [0x0000000080000000,0x0000000083ca9850,0x00000000d5580000)
 Metaspace       used 76229K, committed 78080K, reserved 1179648K
  class space    used 7686K, committed 8448K, reserved 1048576K
}
Event: 4394.104 GC heap after
{Heap after GC invocations=660 (full 6):
 PSYoungGen      total 3584K, used 448K [0x00000000d5580000, 0x00000000d5a00000, 0x0000000100000000)
  eden space 3072K, 0% used [0x00000000d5580000,0x00000000d5580000,0x00000000d5880000)
  from space 512K, 87% used [0x00000000d5980000,0x00000000d59f0000,0x00000000d5a00000)
  to   space 512K, 0% used [0x00000000d5900000,0x00000000d5900000,0x00000000d5980000)
 ParOldGen       total 1398272K, used 62714K [0x0000000080000000, 0x00000000d5580000, 0x00000000d5580000)
  object space 1398272K, 4% used [0x0000000080000000,0x0000000083d3e860,0x00000000d5580000)
 Metaspace       used 76229K, committed 78080K, reserved 1179648K
  class space    used 7686K, committed 8448K, reserved 1048576K
}
Event: 7558.052 GC heap before
{Heap before GC invocations=661 (full 6):
 PSYoungGen      total 3584K, used 3519K [0x00000000d5580000, 0x00000000d5a00000, 0x0000000100000000)
  eden space 3072K, 99% used [0x00000000d5580000,0x00000000d587fff8,0x00000000d5880000)
  from space 512K, 87% used [0x00000000d5980000,0x00000000d59f0000,0x00000000d5a00000)
  to   space 512K, 0% used [0x00000000d5900000,0x00000000d5900000,0x00000000d5980000)
 ParOldGen       total 1398272K, used 62714K [0x0000000080000000, 0x00000000d5580000, 0x00000000d5580000)
  object space 1398272K, 4% used [0x0000000080000000,0x0000000083d3e860,0x00000000d5580000)
 Metaspace       used 76272K, committed 78080K, reserved 1179648K
  class space    used 7689K, committed 8448K, reserved 1048576K
}
Event: 7558.537 GC heap after
{Heap after GC invocations=661 (full 6):
 PSYoungGen      total 4096K, used 512K [0x00000000d5580000, 0x00000000d5b00000, 0x0000000100000000)
  eden space 3584K, 0% used [0x00000000d5580000,0x00000000d5580000,0x00000000d5900000)
  from space 512K, 100% used [0x00000000d5900000,0x00000000d5980000,0x00000000d5980000)
  to   space 1024K, 0% used [0x00000000d5a00000,0x00000000d5a00000,0x00000000d5b00000)
 ParOldGen       total 1398272K, used 62722K [0x0000000080000000, 0x00000000d5580000, 0x00000000d5580000)
  object space 1398272K, 4% used [0x0000000080000000,0x0000000083d40860,0x00000000d5580000)
 Metaspace       used 76272K, committed 78080K, reserved 1179648K
  class space    used 7689K, committed 8448K, reserved 1048576K
}

